CGTN,https://0472.org/hls/cgtn.m3u8
CGTN,http://english-livetx.cgtn.com/hls/yypdyyctzb_hd.m3u8
CGTN俄语,https://0472.org/hls/cgtne.m3u8
CGTN俄语,http://russian-livews.cgtn.com/hls/LSvexABhNipibK5KRuUkvHZ7220802LSTeze9o8tdFXMHsb1VosgoT220802cd.m3u8
CGTN法语,https://0472.org/hls/cgtnf.m3u8
CGTN法语,http://espanol-liveali.cgtn.com/hls/LSveOGBaBw41Ea7ukkVAUdKQ220802LSTexu6xAuFH8VZNBLE1ZNEa220802cd.m3u8
CGTN纪录,https://0472.org/hls/cgtnd.m3u8
CGTN纪录,https://english-livetx.cgtn.com/hls/yypdjlctzb_hd.m3u8
CGTN西语,https://0472.org/hls/cgtnx.m3u8
CGTN阿语,https://0472.org/hls/cgtna.m3u8
中国交通,http://drive.mxmy.net:8888/udp/239.3.1.188:8001
熊猫直播,https://gcwbndali.v.myalicdn.com/gcwbnd/ipanda1000_2/index.m3u8
直播中国,https://gcalic.v.myalicdn.com/gc/wgw05_1/index.m3u8?contentid=2820180516001
支持作者,https://vd3.bdstatic.com/mda-rkaittm5s06vzzyq/sc/cae_h264/1762869883709304452/mda-rkaittm5s06vzzyq.mp4
兵团卫视,http://183.11.239.36:808/hls/7/index.m3u8
兵团卫视,http://120.76.248.139/live/bfgd/4200000124.m3u8
兵团卫视,http://218.13.170.98:9901/tsfile/live/0115_1.m3u8
海峡卫视,http://8.138.7.223/tv/hxws.m3u8
海峡卫视,http://38.64.72.148:80/hls/modn/list/4009/chunklist0.m3u8
海峡卫视,http://38.64.72.148:80/hls/modn/list/4009/playlist.m3u8
农林卫视,http://120.76.248.139/live/bfgd/4200000122.m3u8
农林卫视,http://8.138.7.223/【公众号：榴芒电视】/农林卫视.m3u8
农林卫视,http://124.116.183.146:9901/tsfile/live/1004_1.m3u8
农林卫视,http://124.116.183.146:9901/tsfile/live/1004_1.m3u8?key=txiptv&playlive=1&authid=0
厦门卫视,http://183.11.239.36:808/hls/17/index.m3u8
厦门卫视,http://125.42.150.214:9901/tsfile/live/0125_1.m3u8?key=txiptv&playlive=1&authid=0
延边卫视,http://120.76.248.139/live/bfgd/4200000117.m3u8
延边卫视,http://gmxw.7766.org:808/hls/15/index.m3u8
山东教育,https://test1.live.sdetv.com.cn/live/dianshizhibo/playlist.m3u8
东方卫视4K,https://bp-resource-dfl.bestv.cn/148/3/video.m3u8
北京卫视4K超,http://183.215.134.239:19901/tsfile/live/0122_1.m3u8?key=txiptv&playlive=1&authid=0
苏州4K,https://tylive.kan0512.com/norecord/csztv4k_4k.m3u8
CHC动作电影,http://38.75.136.137:98/gslb/dsdqpub/chcdz.m3u8?auth=testpub
CHC家庭影院,http://61.162.52.6:8088/newlive/live/hls/60/live.m3u8
CHC家庭影院,http://38.75.136.137:98/gslb/dsdqpub/chcjt.m3u8?auth=testpub
无线星河,https://cdn6.101.qzz.io/163189/tvbxh
靖天戏剧,http://breezy-audrie-zspace-7524863c.koyeb.app/vipsir?token=leifeng&id=4gtv-4gtv058
靖天戏剧,https://mao.ffmking888.dpdns.org/?id=6Z2W5aSp5oiy5YqH5Yaw&auth=30234cedf871581989d3c91a3daec1e9f50e024aafcfa2247e7d44d91bb8d02fbc3f571b2d67f9d82642cc1d0f133d89
靖天映画,http://breezy-audrie-zspace-7524863c.koyeb.app/vipsir?token=leifeng&id=4gtv-4gtv055
靖天映画,https://mao.ffmking888.dpdns.org/?id=6Z2W5aSp5pig55Wr&auth=30234cedf871581989d3c91a3daec1e9f50e024aafcfa2247e7d44d91bb8d02fbc3f571b2d67f9d82642cc1d0f133d89
龙华电影,https://cdn8.163189.xyz/live/lhdy/stream.m3u8
AMC电影,http://61.221.215.25:8800/hls/43/index.m3u8
28岁电影,https://goodiptv.club/douyu/8884164
CHC电影,http://183.237.95.108:9901/tsfile/live/1008_1.m3u8?key=txiptv&playlive=0&authid=0
万合出品,https://goodiptv.club/douyu/9220456
三七电影V,https://goodiptv.club/douyu/9457792
东阳影视生活,http://l.cztvcloud.com/channels/lantian/SXdongyang1/720p.m3u8
二胖影视,https://goodiptv.club/douyu/10064260
五分钟电影汇,https://goodiptv.club/douyu/8443438
人在囧途,https://vip.ffzy-play.com/20221018/1953_2d6ba500/index.m3u8
人在囧途之泰囧,https://vip.ffzy-play.com/20221018/1951_47e1adc8/index.m3u8
人在囧途之港囧,https://vip.ffzy-play7.com/20230112/11082_fde1a94d/index.m3u8
佛曰影视,https://goodiptv.club/douyu/9671758
倩女幽魂人间道,http://jsmov2.a.yximgs.com/bs3/video-hls/5250634317044855747_hlsb.m3u8
倩女幽魂妖魔道,http://jsmov2.a.yximgs.com/bs3/video-hls/5232901391302199073_hlsb.m3u8
倩女幽魂道道道,http://jsmov2.a.yximgs.com/bs3/video-hls/5216294367991385255_hlsb.m3u8
冰冰影剧,http://www.goodiptv.club/douyu/74374
刀刀影院,http://www.goodiptv.club/douyu/747764
刘哔电影,https://goodiptv.club/douyu/2632223
前任电影,https://goodiptv.club/douyu/9329242
华语影视,http://www.goodiptv.club/douyu/3928
发条张的电影最TOP,https://goodiptv.club/douyu/2164691
古装武侠,http://www.goodiptv.club/douyu/2793084
哈利影视,https://goodiptv.club/douyu/8475821
喜人电影,https://goodiptv.club/douyu/10348735
喜剧电影笑不停,https://goodiptv.club/douyu/10298856
四叶草影视,https://goodiptv.club/douyu/9446117
墨逗电影,https://goodiptv.club/douyu/9614847
大米饭影视,https://goodiptv.club/douyu/9824094
大荒电影,https://goodiptv.club/douyu/3508538
天堂电影1895,https://goodiptv.club/douyu/9573592
天映经典,http://pull-vivek.speedws.com/live/aaatyjd.flv
奇怪电影,https://goodiptv.club/douyu/9440966
安徽影视,https://www.ahtv.cn/folder9000/folder20193?channelIndex=3
寒战,https://vip.ffzy-play6.com/20221019/157_bf0740ee/index.m3u8
影视梗大叔,https://goodiptv.club/douyu/9480648
影视集装箱,https://goodiptv.club/douyu/8651489
怪兽马提尼电影,https://goodiptv.club/douyu/9075333
怪味爆米花电影,https://goodiptv.club/douyu/9422144
我不是药神,https://vip.ffzy-play1.com/20221018/478_c3afed66/index.m3u8
拆弹专家1,https://vip.ffzy-online.com/20221015/719_80ff87c2/index.m3u8
拆弹专家2,https://vip.ffzy-online.com/20221015/722_e32c42bc/index.m3u8
斗鱼港剧,http://www.goodiptv.club/douyu/5061550
无际电影,https://goodiptv.club/douyu/9720498
有部电影儿,https://goodiptv.club/douyu/9736479
林九影视,https://goodiptv.club/douyu/7212528
橙记港剧,http://www.goodiptv.club/douyu/4549169
洛克电影,https://goodiptv.club/douyu/9414884
浙江教科影视,https://ali-m-l.cztv.com/channels/lantian/channel004/1080p.m3u8
浙江教科影视,http://ali-xwl.cztv.com/live/channel04720Plxw.m3u8
浙江教科影视,http://ali-m-l.cztv.com/channels/lantian/channel04/1080p.m3u8
浙江教科影视,http://ali-vl.cztv.com/channels/lantian/channel004/360p.m3u8
涛浪浪电影,https://goodiptv.club/douyu/5424258
淘剧场,http://zjzcf.synology.me:35455/bptv/10000100000000050000000003887497.m3u8
淘娱乐,http://zjzcf.synology.me:35455/bptv/10000100000000050000000003887499.m3u8
热门港剧,http://www.goodiptv.club/douyu/5522351
熊猫电影,https://goodiptv.club/douyu/3506483
爱星影视,https://goodiptv.club/douyu/9476806
特辑电影院,https://goodiptv.club/douyu/3637778
猫眼电影,https://goodiptv.club/douyu/8726221
玖月影视,https://goodiptv.club/douyu/9339251
电影先锋V,https://goodiptv.club/douyu/8711212
电影冷知识,https://goodiptv.club/douyu/9660835
电影刘德华,http://live.metshop.top/huya/11342424?cdn=alicdn
电影刘油果,https://goodiptv.club/douyu/3985805
电影功夫片,http://live.metshop.top/huya/11352941?cdn=alicdn
电影动作电影,http://live.metshop.top/huya/11602077?cdn=alicdn
电影吐槽汇,https://goodiptv.club/douyu/9447668
电影周星星,http://live.metshop.top/huya/11336587?cdn=alicdn
电影嫣然影厅,http://live.metshop.top/huya/11601977?cdn=alicdn
电影搞笑喜剧,http://live.metshop.top/huya/11342423?cdn=alicdn
电影漩涡,https://goodiptv.club/douyu/8706350
电影犯罪片,http://live.metshop.top/huya/11352974?cdn=alicdn
电影笔记,https://goodiptv.club/douyu/9636034
电影贺岁,http://live.metshop.top/huya/11601971?cdn=alicdn
电影迷小雅,https://goodiptv.club/douyu/9639225
电影高分动作,http://live.metshop.top/huya/11352884?cdn=alicdn
粤语电影丶,https://goodiptv.club/douyu/1226741
经典剧集,http://www.goodiptv.club/douyu/6863367
经典电影,https://yylunbo.ottiptv.cc/yy/1414812324
维立方电影,https://goodiptv.club/douyu/8706393
美亚电影,https://live.tvfix.org/live/mydy/index.m3u8
老王的夜电影院,https://goodiptv.club/douyu/3498219
老电影故事,https://goodiptv.club/douyu/9167273
腹黑电影,https://goodiptv.club/douyu/8867878
莱纳电影,https://goodiptv.club/douyu/9356937
让子弹飞,https://vip.ffzy-play7.com/20230116/11563_b9f44814/index.m3u8
豆瓣电影,https://live.tvfix.org/live/cmc/index.m3u8
贝爷求生,http://www.goodiptv.club/douyu/9661369
贝爷求生影视,https://goodiptv.club/douyu/9661369
辽宁影视剧,http://120.76.248.139/live/bfgd/4200000070.m3u8
逐梦电影,https://goodiptv.club/douyu/4058285
邵氏影院,http://www.goodiptv.club/douyu/4246519
野格影视,https://goodiptv.club/douyu/9931766
铁血影视汇,https://goodiptv.club/douyu/9649701
阿苏电影,https://goodiptv.club/douyu/9037784
韩国电影2,https://stream.ads.ottera.tv/playlist.m3u8?network_id=743
龙哥盘电影,https://goodiptv.club/douyu/9736161
龙门飞甲,http://jsmov2.a.yximgs.com/bs3/video-hls/5203346449046555193_hlsb.m3u8
纪实科教8K,http://111.31.106.140/downflv.brtvcloud.com/8klive/8kliveok.m3u8
南国都市,https://tencentplay.gztv.com/live/nanguodushi.m3u8?txSecret=550af55c0ea34ce492748481415b6dfa&txTime=1903e7b17de
四川科教,http://182.150.115.21:8030/pcgacg/pcgacg_0.m3u8
新视觉,http://120.76.248.139/live/bfgd/4200000249.m3u8
纪实科教,http://120.76.248.139/live/bfgd/4200000113.m3u8
卡酷少儿,http://58.57.40.22:9901/tsfile/live/1060_1.m3u8
卡酷少儿,http://218.13.170.98:9901/tsfile/live/1021_1.m3u8
广东少儿,http://gmxw.7766.org:808/hls/175/index.m3u8
动画大师姐,https://goodiptv.club/douyu/9742136
南京少儿,http://nklive.nbs.cn/hls/e0981f3f-1a20-4a59-b8d1-17feb83a4610/index.m3u8
