Name: CCTV-1, URL: https://iptv.catvod.com/catvod?id=CCTV1&line=12, From: subscribe, IPv_Type: ipv4, Location: 美国-加利福尼亚州-洛杉矶, ISP: IT7网络, Date: None, Delay: 176 ms, Speed: 9.10 M/s, Resolution: 1920x1080
Name: CCTV-1, URL: https://iptv.catvod.com/catvod?id=CCTV1&line=13, From: subscribe, IPv_Type: ipv4, Location: 美国-加利福尼亚州-洛杉矶, ISP: IT7网络, Date: None, Delay: 119 ms, Speed: 8.64 M/s, Resolution: 1920x1080
Name: CCTV-1, URL: https://iptv.catvod.com/catvod?id=CCTV1&line=16, From: subscribe, IPv_Type: ipv4, Location: 美国-加利福尼亚州-洛杉矶, ISP: IT7网络, Date: None, Delay: 121 ms, Speed: 8.35 M/s, Resolution: 1920x1080
Name: CCTV-1, URL: https://iptv.catvod.com/catvod?id=CCTV1&line=20, From: subscribe, IPv_Type: ipv4, Location: 美国-加利福尼亚州-洛杉矶, ISP: IT7网络, Date: None, Delay: 214 ms, Speed: 5.65 M/s, Resolution: 1920x1080
Name: CCTV-1, URL: https://iptv.catvod.com/catvod?id=CCTV1&line=19, From: subscribe, IPv_Type: ipv4, Location: 美国-加利福尼亚州-洛杉矶, ISP: IT7网络, Date: None, Delay: 237 ms, Speed: 5.17 M/s, Resolution: 1920x1080
Name: CCTV-1, URL: https://iptv.catvod.com/catvod?id=CCTV1&line=21, From: subscribe, IPv_Type: ipv4, Location: 美国-加利福尼亚州-洛杉矶, ISP: IT7网络, Date: None, Delay: 209 ms, Speed: 4.82 M/s, Resolution: 1920x1080
Name: CCTV-1, URL: https://iptv.catvod.com/catvod?id=CCTV1&line=11, From: subscribe, IPv_Type: ipv4, Location: 美国-加利福尼亚州-洛杉矶, ISP: IT7网络, Date: None, Delay: 242 ms, Speed: 4.29 M/s, Resolution: 1920x1080
Name: CCTV-1, URL: https://iptv.catvod.com/catvod?id=CCTV1&line=7, From: subscribe, IPv_Type: ipv4, Location: 美国-加利福尼亚州-洛杉矶, ISP: IT7网络, Date: None, Delay: 251 ms, Speed: 4.09 M/s, Resolution: 1920x1080
Name: CCTV-1, URL: https://iptv.catvod.com/catvod?id=CCTV1&line=9, From: subscribe, IPv_Type: ipv4, Location: 美国-加利福尼亚州-洛杉矶, ISP: IT7网络, Date: None, Delay: 253 ms, Speed: 4.04 M/s, Resolution: 1920x1080
Name: CCTV-1, URL: https://iptv.catvod.com/catvod?id=CCTV1&line=15, From: subscribe, IPv_Type: ipv4, Location: 美国-加利福尼亚州-洛杉矶, ISP: IT7网络, Date: None, Delay: 258 ms, Speed: 4.01 M/s, Resolution: 1920x1080
Name: CCTV-1, URL: https://iptv.catvod.com/catvod?id=CCTV1&line=10, From: subscribe, IPv_Type: ipv4, Location: 美国-加利福尼亚州-洛杉矶, ISP: IT7网络, Date: None, Delay: 228 ms, Speed: 3.99 M/s, Resolution: 1920x1080
Name: CCTV-1, URL: https://iptv.catvod.com/catvod?id=CCTV1&line=14, From: subscribe, IPv_Type: ipv4, Location: 美国-加利福尼亚州-洛杉矶, ISP: IT7网络, Date: None, Delay: 268 ms, Speed: 3.94 M/s, Resolution: 1920x1080
Name: CCTV-1, URL: https://iptv.catvod.com/catvod?id=CCTV1&line=8, From: subscribe, IPv_Type: ipv4, Location: 美国-加利福尼亚州-洛杉矶, ISP: IT7网络, Date: None, Delay: 252 ms, Speed: 3.91 M/s, Resolution: 1920x1080
Name: CCTV-2, URL: https://iptv.catvod.com/catvod?id=CCTV2&line=6, From: subscribe, IPv_Type: ipv4, Location: 美国-加利福尼亚州-洛杉矶, ISP: IT7网络, Date: None, Delay: 148 ms, Speed: 8.25 M/s, Resolution: 1920x1080
Name: CCTV-2, URL: https://iptv.catvod.com/catvod?id=CCTV2&line=4, From: subscribe, IPv_Type: ipv4, Location: 美国-加利福尼亚州-洛杉矶, ISP: IT7网络, Date: None, Delay: 225 ms, Speed: 4.29 M/s, Resolution: 1920x1080
Name: CCTV-2, URL: https://iptv.catvod.com/catvod?id=CCTV2&line=3, From: subscribe, IPv_Type: ipv4, Location: 美国-加利福尼亚州-洛杉矶, ISP: IT7网络, Date: None, Delay: 227 ms, Speed: 4.25 M/s, Resolution: 1920x1080
Name: CCTV-2, URL: https://iptv.catvod.com/catvod?id=CCTV2&line=1, From: subscribe, IPv_Type: ipv4, Location: 美国-加利福尼亚州-洛杉矶, ISP: IT7网络, Date: None, Delay: 253 ms, Speed: 4.17 M/s, Resolution: 1920x1080
Name: CCTV-2, URL: https://iptv.catvod.com/catvod?id=CCTV2&line=2, From: subscribe, IPv_Type: ipv4, Location: 美国-加利福尼亚州-洛杉矶, ISP: IT7网络, Date: None, Delay: 245 ms, Speed: 4.05 M/s, Resolution: 1920x1080
Name: CCTV-2, URL: https://iptv.catvod.com/catvod?id=CCTV2&line=5, From: subscribe, IPv_Type: ipv4, Location: 美国-加利福尼亚州-洛杉矶, ISP: IT7网络, Date: None, Delay: 245 ms, Speed: 4.02 M/s, Resolution: 1920x1080
Name: CCTV-3, URL: https://iptv.catvod.com/live.php?id=CCTV3&line=8, From: subscribe, IPv_Type: ipv4, Location: 美国-加利福尼亚州-洛杉矶, ISP: IT7网络, Date: None, Delay: 74 ms, Speed: 14.01 M/s, Resolution: 1920x1080
Name: CCTV-3, URL: https://iptv.catvod.com/catvod?id=CCTV3&line=8, From: subscribe, IPv_Type: ipv4, Location: 美国-加利福尼亚州-洛杉矶, ISP: IT7网络, Date: None, Delay: 109 ms, Speed: 9.09 M/s, Resolution: 1920x1080
Name: CCTV-3, URL: https://iptv.catvod.com/catvod?id=CCTV3&line=10, From: subscribe, IPv_Type: ipv4, Location: 美国-加利福尼亚州-洛杉矶, ISP: IT7网络, Date: None, Delay: 151 ms, Speed: 7.33 M/s, Resolution: 1920x1080
Name: CCTV-3, URL: https://iptv.catvod.com/catvod?id=CCTV3&line=9, From: subscribe, IPv_Type: ipv4, Location: 美国-加利福尼亚州-洛杉矶, ISP: IT7网络, Date: None, Delay: 161 ms, Speed: 7.15 M/s, Resolution: 1920x1080
Name: CCTV-3, URL: https://iptv.catvod.com/catvod?id=CCTV3%E7%BB%BC%E8%89%BA&line=1, From: subscribe, IPv_Type: ipv4, Location: 美国-加利福尼亚州-洛杉矶, ISP: IT7网络, Date: None, Delay: 224 ms, Speed: 4.94 M/s, Resolution: 1920x1080
Name: CCTV-4, URL: https://iptv.catvod.com/catvod?id=CCTV4&line=2, From: subscribe, IPv_Type: ipv4, Location: 美国-加利福尼亚州-洛杉矶, ISP: IT7网络, Date: None, Delay: 131 ms, Speed: 9.47 M/s, Resolution: 1920x1080
Name: CCTV-4, URL: https://iptv.catvod.com/catvod?id=CCTV4&line=4, From: subscribe, IPv_Type: ipv4, Location: 美国-加利福尼亚州-洛杉矶, ISP: IT7网络, Date: None, Delay: 115 ms, Speed: 9.07 M/s, Resolution: 1920x1080
Name: CCTV-4, URL: https://iptv.catvod.com/catvod?id=CCTV4&line=14, From: subscribe, IPv_Type: ipv4, Location: 美国-加利福尼亚州-洛杉矶, ISP: IT7网络, Date: None, Delay: 120 ms, Speed: 8.73 M/s, Resolution: 1920x1080
Name: CCTV-4, URL: https://iptv.catvod.com/catvod?id=CCTV4&line=13, From: subscribe, IPv_Type: ipv4, Location: 美国-加利福尼亚州-洛杉矶, ISP: IT7网络, Date: None, Delay: 115 ms, Speed: 8.60 M/s, Resolution: 1920x1080
Name: CCTV-4, URL: https://iptv.catvod.com/catvod?id=CCTV4&line=12, From: subscribe, IPv_Type: ipv4, Location: 美国-加利福尼亚州-洛杉矶, ISP: IT7网络, Date: None, Delay: 136 ms, Speed: 8.03 M/s, Resolution: 1920x1080
Name: CCTV-4, URL: https://iptv.catvod.com/catvod?id=CCTV4&line=3, From: subscribe, IPv_Type: ipv4, Location: 美国-加利福尼亚州-洛杉矶, ISP: IT7网络, Date: None, Delay: 141 ms, Speed: 7.93 M/s, Resolution: 1920x1080
Name: CCTV-4, URL: http://198.204.240.250:82/live/cctv4k.m3u8, From: subscribe, IPv_Type: ipv4, Location: 美国, ISP: , Date: None, Delay: 684 ms, Speed: 6.38 M/s, Resolution: 1920x1080
Name: CCTV-4, URL: https://iptv.catvod.com/catvod?id=CCTV4K%E8%B6%85%E9%AB%98%E6%B8%85&line=5, From: subscribe, IPv_Type: ipv4, Location: 美国-加利福尼亚州-洛杉矶, ISP: IT7网络, Date: None, Delay: 177 ms, Speed: 6.19 M/s, Resolution: 1920x1080
Name: CCTV-4, URL: https://iptv.catvod.com/catvod?id=CCTV4&line=7, From: subscribe, IPv_Type: ipv4, Location: 美国-加利福尼亚州-洛杉矶, ISP: IT7网络, Date: None, Delay: 178 ms, Speed: 6.14 M/s, Resolution: 1920x1080
Name: CCTV-4, URL: https://iptv.catvod.com/catvod?id=CCTV4&line=5, From: subscribe, IPv_Type: ipv4, Location: 美国-加利福尼亚州-洛杉矶, ISP: IT7网络, Date: None, Delay: 199 ms, Speed: 5.92 M/s, Resolution: 1920x1080
Name: CCTV-4, URL: https://iptv.catvod.com/catvod?id=CCTV4%E7%BE%8E%E6%B4%B2&line=1, From: subscribe, IPv_Type: ipv4, Location: 美国-加利福尼亚州-洛杉矶, ISP: IT7网络, Date: None, Delay: 172 ms, Speed: 5.91 M/s, Resolution: 1920x1080
Name: CCTV-4, URL: https://iptv.catvod.com/catvod?id=CCTV4%E7%BE%8E%E6%B4%B2&line=2, From: subscribe, IPv_Type: ipv4, Location: 美国-加利福尼亚州-洛杉矶, ISP: IT7网络, Date: None, Delay: 177 ms, Speed: 5.77 M/s, Resolution: 1920x1080
Name: CCTV-4, URL: https://iptv.catvod.com/catvod?id=CCTV4&line=8, From: subscribe, IPv_Type: ipv4, Location: 美国-加利福尼亚州-洛杉矶, ISP: IT7网络, Date: None, Delay: 203 ms, Speed: 5.72 M/s, Resolution: 1920x1080
Name: CCTV-4, URL: https://iptv.catvod.com/catvod?id=CCTV4&line=15, From: subscribe, IPv_Type: ipv4, Location: 美国-加利福尼亚州-洛杉矶, ISP: IT7网络, Date: None, Delay: 197 ms, Speed: 5.59 M/s, Resolution: 1920x1080
Name: CCTV-4, URL: https://iptv.catvod.com/catvod?id=CCTV4K%E8%B6%85%E9%AB%98%E6%B8%85&line=6, From: subscribe, IPv_Type: ipv4, Location: 美国-加利福尼亚州-洛杉矶, ISP: IT7网络, Date: None, Delay: 201 ms, Speed: 5.36 M/s, Resolution: 1920x1080
Name: CCTV-4, URL: https://iptv.catvod.com/catvod?id=CCTV4K%E8%B6%85%E9%AB%98%E6%B8%85&line=3, From: subscribe, IPv_Type: ipv4, Location: 美国-加利福尼亚州-洛杉矶, ISP: IT7网络, Date: None, Delay: 197 ms, Speed: 5.11 M/s, Resolution: 1920x1080
Name: CCTV-4, URL: https://iptv.catvod.com/catvod?id=CCTV4&line=1, From: subscribe, IPv_Type: ipv4, Location: 美国-加利福尼亚州-洛杉矶, ISP: IT7网络, Date: None, Delay: 203 ms, Speed: 5.10 M/s, Resolution: 1920x1080
Name: CCTV-4, URL: https://iptv.catvod.com/catvod?id=CCTV4&line=6, From: subscribe, IPv_Type: ipv4, Location: 美国-加利福尼亚州-洛杉矶, ISP: IT7网络, Date: None, Delay: 204 ms, Speed: 5.03 M/s, Resolution: 1920x1080
Name: CCTV-4, URL: https://iptv.catvod.com/catvod?id=CCTV4K%E8%B6%85%E9%AB%98%E6%B8%85&line=1, From: subscribe, IPv_Type: ipv4, Location: 美国-加利福尼亚州-洛杉矶, ISP: IT7网络, Date: None, Delay: 216 ms, Speed: 5.02 M/s, Resolution: 1920x1080
Name: CCTV-4, URL: https://iptv.catvod.com/catvod?id=CCTV4K%E8%B6%85%E9%AB%98%E6%B8%85&line=4, From: subscribe, IPv_Type: ipv4, Location: 美国-加利福尼亚州-洛杉矶, ISP: IT7网络, Date: None, Delay: 218 ms, Speed: 4.91 M/s, Resolution: 1920x1080
Name: CCTV-4, URL: https://iptv.catvod.com/catvod?id=CCTV4&line=11, From: subscribe, IPv_Type: ipv4, Location: 美国-加利福尼亚州-洛杉矶, ISP: IT7网络, Date: None, Delay: 217 ms, Speed: 4.71 M/s, Resolution: 1920x1080
Name: CCTV-4, URL: https://iptv.catvod.com/catvod?id=CCTV4&line=10, From: subscribe, IPv_Type: ipv4, Location: 美国-加利福尼亚州-洛杉矶, ISP: IT7网络, Date: None, Delay: 225 ms, Speed: 4.61 M/s, Resolution: 1920x1080
Name: CCTV-4, URL: https://iptv.catvod.com/catvod?id=CCTV4&line=9, From: subscribe, IPv_Type: ipv4, Location: 美国-加利福尼亚州-洛杉矶, ISP: IT7网络, Date: None, Delay: 221 ms, Speed: 4.61 M/s, Resolution: 1920x1080
Name: CCTV-5, URL: https://iptv.catvod.com/catvod?id=CCTV5&line=13, From: subscribe, IPv_Type: ipv4, Location: 美国-加利福尼亚州-洛杉矶, ISP: IT7网络, Date: None, Delay: 97 ms, Speed: 9.62 M/s, Resolution: 1920x1080
Name: CCTV-5, URL: https://iptv.catvod.com/catvod?id=CCTV5&line=1, From: subscribe, IPv_Type: ipv4, Location: 美国-加利福尼亚州-洛杉矶, ISP: IT7网络, Date: None, Delay: 131 ms, Speed: 8.03 M/s, Resolution: 1920x1080
Name: CCTV-5, URL: https://iptv.catvod.com/catvod?id=CCTV5&line=10, From: subscribe, IPv_Type: ipv4, Location: 美国-加利福尼亚州-洛杉矶, ISP: IT7网络, Date: None, Delay: 133 ms, Speed: 7.72 M/s, Resolution: 1920x1080
Name: CCTV-5, URL: https://iptv.catvod.com/catvod?id=CCTV5&line=3, From: subscribe, IPv_Type: ipv4, Location: 美国-加利福尼亚州-洛杉矶, ISP: IT7网络, Date: None, Delay: 148 ms, Speed: 7.53 M/s, Resolution: 1920x1080
Name: CCTV-5, URL: https://iptv.catvod.com/catvod?id=CCTV5&line=2, From: subscribe, IPv_Type: ipv4, Location: 美国-加利福尼亚州-洛杉矶, ISP: IT7网络, Date: None, Delay: 128 ms, Speed: 7.45 M/s, Resolution: 1920x1080
Name: CCTV-5, URL: https://iptv.catvod.com/catvod?id=CCTV5&line=12, From: subscribe, IPv_Type: ipv4, Location: 美国-加利福尼亚州-洛杉矶, ISP: IT7网络, Date: None, Delay: 146 ms, Speed: 7.43 M/s, Resolution: 1920x1080
Name: CCTV-5, URL: https://iptv.catvod.com/catvod?id=CCTV5&line=11, From: subscribe, IPv_Type: ipv4, Location: 美国-加利福尼亚州-洛杉矶, ISP: IT7网络, Date: None, Delay: 146 ms, Speed: 7.20 M/s, Resolution: 1920x1080
Name: CCTV-5, URL: https://iptv.catvod.com/catvod?id=CCTV5&line=9, From: subscribe, IPv_Type: ipv4, Location: 美国-加利福尼亚州-洛杉矶, ISP: IT7网络, Date: None, Delay: 173 ms, Speed: 6.67 M/s, Resolution: 1920x1080
Name: CCTV-5, URL: https://iptv.catvod.com/live.php?id=CCTV5&line=13, From: subscribe, IPv_Type: ipv4, Location: 美国-加利福尼亚州-洛杉矶, ISP: IT7网络, Date: None, Delay: 166 ms, Speed: 6.55 M/s, Resolution: 1920x1080
Name: CCTV-5, URL: https://iptv.catvod.com/live.php?id=CCTV5&line=15, From: subscribe, IPv_Type: ipv4, Location: 美国-加利福尼亚州-洛杉矶, ISP: IT7网络, Date: None, Delay: 181 ms, Speed: 6.28 M/s, Resolution: 1920x1080
Name: CCTV-5, URL: https://iptv.catvod.com/catvod?id=CCTV5&line=5, From: subscribe, IPv_Type: ipv4, Location: 美国-加利福尼亚州-洛杉矶, ISP: IT7网络, Date: None, Delay: 191 ms, Speed: 6.19 M/s, Resolution: 1920x1080
Name: CCTV-5, URL: https://iptv.catvod.com/catvod?id=CCTV5&line=6, From: subscribe, IPv_Type: ipv4, Location: 美国-加利福尼亚州-洛杉矶, ISP: IT7网络, Date: None, Delay: 177 ms, Speed: 6.17 M/s, Resolution: 1920x1080
Name: CCTV-5, URL: https://iptv.catvod.com/live.php?id=CCTV5&line=14, From: subscribe, IPv_Type: ipv4, Location: 美国-加利福尼亚州-洛杉矶, ISP: IT7网络, Date: None, Delay: 186 ms, Speed: 6.17 M/s, Resolution: 1920x1080
Name: CCTV-5, URL: https://iptv.catvod.com/catvod?id=CCTV5&line=4, From: subscribe, IPv_Type: ipv4, Location: 美国-加利福尼亚州-洛杉矶, ISP: IT7网络, Date: None, Delay: 199 ms, Speed: 5.79 M/s, Resolution: 1920x1080
Name: CCTV-5, URL: https://iptv.catvod.com/catvod?id=CCTV5&line=8, From: subscribe, IPv_Type: ipv4, Location: 美国-加利福尼亚州-洛杉矶, ISP: IT7网络, Date: None, Delay: 170 ms, Speed: 5.77 M/s, Resolution: 1920x1080
Name: CCTV-5, URL: https://iptv.catvod.com/catvod?id=CCTV5&line=14, From: subscribe, IPv_Type: ipv4, Location: 美国-加利福尼亚州-洛杉矶, ISP: IT7网络, Date: None, Delay: 182 ms, Speed: 5.47 M/s, Resolution: 1920x1080
Name: CCTV-5, URL: https://iptv.catvod.com/catvod?id=CCTV5&line=7, From: subscribe, IPv_Type: ipv4, Location: 美国-加利福尼亚州-洛杉矶, ISP: IT7网络, Date: None, Delay: 212 ms, Speed: 5.20 M/s, Resolution: 1920x1080
Name: CCTV-6, URL: https://iptv.catvod.com/catvod?id=CCTV6&line=13, From: subscribe, IPv_Type: ipv4, Location: 美国-加利福尼亚州-洛杉矶, ISP: IT7网络, Date: None, Delay: 131 ms, Speed: 7.67 M/s, Resolution: 1920x1080
Name: CCTV-6, URL: https://iptv.catvod.com/catvod?id=CCTV6&line=14, From: subscribe, IPv_Type: ipv4, Location: 美国-加利福尼亚州-洛杉矶, ISP: IT7网络, Date: None, Delay: 139 ms, Speed: 7.08 M/s, Resolution: 1920x1080
Name: CCTV-6, URL: https://iptv.catvod.com/catvod?id=CCTV6&line=8, From: subscribe, IPv_Type: ipv4, Location: 美国-加利福尼亚州-洛杉矶, ISP: IT7网络, Date: None, Delay: 197 ms, Speed: 6.35 M/s, Resolution: 1920x1080
Name: CCTV-6, URL: https://iptv.catvod.com/catvod?id=CCTV6&line=12, From: subscribe, IPv_Type: ipv4, Location: 美国-加利福尼亚州-洛杉矶, ISP: IT7网络, Date: None, Delay: 157 ms, Speed: 6.22 M/s, Resolution: 1920x1080
Name: CCTV-6, URL: https://iptv.catvod.com/catvod?id=CCTV6&line=9, From: subscribe, IPv_Type: ipv4, Location: 美国-加利福尼亚州-洛杉矶, ISP: IT7网络, Date: None, Delay: 186 ms, Speed: 5.34 M/s, Resolution: 1920x1080
Name: CCTV-6, URL: https://iptv.catvod.com/catvod?id=CCTV6&line=10, From: subscribe, IPv_Type: ipv4, Location: 美国-加利福尼亚州-洛杉矶, ISP: IT7网络, Date: None, Delay: 195 ms, Speed: 5.24 M/s, Resolution: 1920x1080
Name: CCTV-6, URL: https://iptv.catvod.com/catvod?id=CCTV6&line=7, From: subscribe, IPv_Type: ipv4, Location: 美国-加利福尼亚州-洛杉矶, ISP: IT7网络, Date: None, Delay: 217 ms, Speed: 4.91 M/s, Resolution: 1920x1080
Name: CCTV-6, URL: https://iptv.catvod.com/catvod?id=CCTV6&line=11, From: subscribe, IPv_Type: ipv4, Location: 美国-加利福尼亚州-洛杉矶, ISP: IT7网络, Date: None, Delay: 202 ms, Speed: 4.73 M/s, Resolution: 1920x1080
Name: CCTV-7, URL: https://iptv.catvod.com/catvod?id=CCTV7&line=9, From: subscribe, IPv_Type: ipv4, Location: 美国-加利福尼亚州-洛杉矶, ISP: IT7网络, Date: None, Delay: 147 ms, Speed: 7.86 M/s, Resolution: 1920x1080
Name: CCTV-7, URL: https://iptv.catvod.com/catvod?id=CCTV7&line=8, From: subscribe, IPv_Type: ipv4, Location: 美国-加利福尼亚州-洛杉矶, ISP: IT7网络, Date: None, Delay: 136 ms, Speed: 7.48 M/s, Resolution: 1920x1080
Name: CCTV-7, URL: https://iptv.catvod.com/catvod?id=CCTV7&line=1, From: subscribe, IPv_Type: ipv4, Location: 美国-加利福尼亚州-洛杉矶, ISP: IT7网络, Date: None, Delay: 133 ms, Speed: 7.15 M/s, Resolution: 1920x1080
Name: CCTV-7, URL: https://iptv.catvod.com/catvod?id=CCTV7&line=4, From: subscribe, IPv_Type: ipv4, Location: 美国-加利福尼亚州-洛杉矶, ISP: IT7网络, Date: None, Delay: 174 ms, Speed: 5.92 M/s, Resolution: 1920x1080
Name: CCTV-7, URL: https://iptv.catvod.com/catvod?id=CCTV7&line=7, From: subscribe, IPv_Type: ipv4, Location: 美国-加利福尼亚州-洛杉矶, ISP: IT7网络, Date: None, Delay: 171 ms, Speed: 5.53 M/s, Resolution: 1920x1080
Name: CCTV-7, URL: https://iptv.catvod.com/catvod?id=CCTV7&line=3, From: subscribe, IPv_Type: ipv4, Location: 美国-加利福尼亚州-洛杉矶, ISP: IT7网络, Date: None, Delay: 194 ms, Speed: 5.14 M/s, Resolution: 1920x1080
Name: CCTV-7, URL: https://iptv.catvod.com/catvod?id=CCTV7&line=2, From: subscribe, IPv_Type: ipv4, Location: 美国-加利福尼亚州-洛杉矶, ISP: IT7网络, Date: None, Delay: 216 ms, Speed: 5.08 M/s, Resolution: 1920x1080
Name: CCTV-7, URL: https://iptv.catvod.com/catvod?id=CCTV7&line=5, From: subscribe, IPv_Type: ipv4, Location: 美国-加利福尼亚州-洛杉矶, ISP: IT7网络, Date: None, Delay: 182 ms, Speed: 4.96 M/s, Resolution: 1920x1080
Name: CCTV-7, URL: https://iptv.catvod.com/catvod?id=CCTV7&line=6, From: subscribe, IPv_Type: ipv4, Location: 美国-加利福尼亚州-洛杉矶, ISP: IT7网络, Date: None, Delay: 237 ms, Speed: 4.95 M/s, Resolution: 1920x1080
Name: CCTV-8, URL: https://iptv.catvod.com/live.php?id=CCTV8K%E8%B6%85%E9%AB%98%E6%B8%85&line=1, From: subscribe, IPv_Type: ipv4, Location: 美国-加利福尼亚州-洛杉矶, ISP: IT7网络, Date: None, Delay: 98 ms, Speed: 10.30 M/s, Resolution: 1920x1080
Name: CCTV-8, URL: https://iptv.catvod.com/live.php?id=CCTV8K%E8%B6%85%E9%AB%98%E6%B8%85&line=2, From: subscribe, IPv_Type: ipv4, Location: 美国-加利福尼亚州-洛杉矶, ISP: IT7网络, Date: None, Delay: 102 ms, Speed: 9.65 M/s, Resolution: 1920x1080
Name: CCTV-8, URL: https://iptv.catvod.com/catvod?id=CCTV8&line=12, From: subscribe, IPv_Type: ipv4, Location: 美国-加利福尼亚州-洛杉矶, ISP: IT7网络, Date: None, Delay: 120 ms, Speed: 8.83 M/s, Resolution: 1920x1080
Name: CCTV-8, URL: https://iptv.catvod.com/catvod?id=CCTV8&line=9, From: subscribe, IPv_Type: ipv4, Location: 美国-加利福尼亚州-洛杉矶, ISP: IT7网络, Date: None, Delay: 130 ms, Speed: 7.49 M/s, Resolution: 1920x1080
Name: CCTV-8, URL: http://198.204.240.250:82/live/cctv8k.m3u8, From: subscribe, IPv_Type: ipv4, Location: 美国, ISP: , Date: None, Delay: 706 ms, Speed: 7.48 M/s, Resolution: 1920x1080
Name: CCTV-8, URL: https://iptv.catvod.com/catvod?id=CCTV8&line=13, From: subscribe, IPv_Type: ipv4, Location: 美国-加利福尼亚州-洛杉矶, ISP: IT7网络, Date: None, Delay: 136 ms, Speed: 7.38 M/s, Resolution: 1920x1080
Name: CCTV-8, URL: https://iptv.catvod.com/catvod?id=CCTV8&line=11, From: subscribe, IPv_Type: ipv4, Location: 美国-加利福尼亚州-洛杉矶, ISP: IT7网络, Date: None, Delay: 145 ms, Speed: 7.23 M/s, Resolution: 1920x1080
Name: CCTV-8, URL: https://iptv.catvod.com/catvod?id=CCTV8&line=8, From: subscribe, IPv_Type: ipv4, Location: 美国-加利福尼亚州-洛杉矶, ISP: IT7网络, Date: None, Delay: 159 ms, Speed: 7.19 M/s, Resolution: 1920x1080
Name: CCTV-8, URL: https://iptv.catvod.com/catvod?id=CCTV8&line=10, From: subscribe, IPv_Type: ipv4, Location: 美国-加利福尼亚州-洛杉矶, ISP: IT7网络, Date: None, Delay: 140 ms, Speed: 6.99 M/s, Resolution: 1920x1080
Name: CCTV-8, URL: https://iptv.catvod.com/catvod?id=CCTV8&line=3, From: subscribe, IPv_Type: ipv4, Location: 美国-加利福尼亚州-洛杉矶, ISP: IT7网络, Date: None, Delay: 206 ms, Speed: 5.93 M/s, Resolution: 1920x1080
Name: CCTV-8, URL: https://iptv.catvod.com/catvod?id=CCTV8&line=4, From: subscribe, IPv_Type: ipv4, Location: 美国-加利福尼亚州-洛杉矶, ISP: IT7网络, Date: None, Delay: 195 ms, Speed: 5.81 M/s, Resolution: 1920x1080
Name: CCTV-8, URL: https://iptv.catvod.com/catvod?id=CCTV8K%E8%B6%85%E9%AB%98%E6%B8%85&line=2, From: subscribe, IPv_Type: ipv4, Location: 美国-加利福尼亚州-洛杉矶, ISP: IT7网络, Date: None, Delay: 206 ms, Speed: 5.51 M/s, Resolution: 1920x1080
Name: CCTV-8, URL: https://iptv.catvod.com/catvod?id=CCTV8K%E8%B6%85%E9%AB%98%E6%B8%85&line=1, From: subscribe, IPv_Type: ipv4, Location: 美国-加利福尼亚州-洛杉矶, ISP: IT7网络, Date: None, Delay: 213 ms, Speed: 5.40 M/s, Resolution: 1920x1080
Name: CCTV-8, URL: https://iptv.catvod.com/catvod?id=CCTV8&line=7, From: subscribe, IPv_Type: ipv4, Location: 美国-加利福尼亚州-洛杉矶, ISP: IT7网络, Date: None, Delay: 194 ms, Speed: 5.28 M/s, Resolution: 1920x1080
Name: CCTV-8, URL: https://iptv.catvod.com/catvod?id=CCTV8&line=5, From: subscribe, IPv_Type: ipv4, Location: 美国-加利福尼亚州-洛杉矶, ISP: IT7网络, Date: None, Delay: 209 ms, Speed: 5.06 M/s, Resolution: 1920x1080
Name: CCTV-9, URL: https://iptv.catvod.com/catvod?id=CCTV9&line=8, From: subscribe, IPv_Type: ipv4, Location: 美国-加利福尼亚州-洛杉矶, ISP: IT7网络, Date: None, Delay: 132 ms, Speed: 8.27 M/s, Resolution: 1920x1080
Name: CCTV-9, URL: https://xykt-fix.github.io/Y77.m3u8, From: subscribe, IPv_Type: ipv6, Location: 美国, ISP: , Date: None, Delay: 1196 ms, Speed: 0.11 M/s, Resolution: None
Name: CCTV-10, URL: https://iptv.catvod.com/catvod?id=CCTV10&line=3, From: subscribe, IPv_Type: ipv4, Location: 美国-加利福尼亚州-洛杉矶, ISP: IT7网络, Date: None, Delay: 122 ms, Speed: 8.18 M/s, Resolution: 1920x1080
Name: CCTV-10, URL: https://iptv.catvod.com/catvod?id=CCTV10&line=4, From: subscribe, IPv_Type: ipv4, Location: 美国-加利福尼亚州-洛杉矶, ISP: IT7网络, Date: None, Delay: 146 ms, Speed: 7.75 M/s, Resolution: 1920x1080
Name: CCTV-10, URL: https://iptv.catvod.com/catvod?id=CCTV10&line=2, From: subscribe, IPv_Type: ipv4, Location: 美国-加利福尼亚州-洛杉矶, ISP: IT7网络, Date: None, Delay: 142 ms, Speed: 7.61 M/s, Resolution: 1920x1080
Name: CCTV-10, URL: https://iptv.catvod.com/catvod?id=CCTV10&line=5, From: subscribe, IPv_Type: ipv4, Location: 美国-加利福尼亚州-洛杉矶, ISP: IT7网络, Date: None, Delay: 147 ms, Speed: 6.93 M/s, Resolution: 1920x1080
Name: CCTV-10, URL: https://iptv.catvod.com/catvod?id=CCTV10&line=6, From: subscribe, IPv_Type: ipv4, Location: 美国-加利福尼亚州-洛杉矶, ISP: IT7网络, Date: None, Delay: 211 ms, Speed: 5.34 M/s, Resolution: 1920x1080
Name: CCTV-10, URL: https://iptv.catvod.com/catvod?id=CCTV10&line=7, From: subscribe, IPv_Type: ipv4, Location: 美国-加利福尼亚州-洛杉矶, ISP: IT7网络, Date: None, Delay: 225 ms, Speed: 5.16 M/s, Resolution: 1920x1080
Name: CCTV-10, URL: https://cdn4.skygo.mn/live/disk1/CCTV-10/HLSv3-FTA/CCTV-10.m3u8, From: subscribe, IPv_Type: ipv4, Location: 蒙古, ISP: , Date: None, Delay: 3163 ms, Speed: 0.43 M/s, Resolution: None
Name: CCTV-11, URL: https://iptv.catvod.com/catvod?id=CCTV11&line=7, From: subscribe, IPv_Type: ipv4, Location: 美国-加利福尼亚州-洛杉矶, ISP: IT7网络, Date: None, Delay: 191 ms, Speed: 5.54 M/s, Resolution: 1920x1080
Name: CCTV-11, URL: https://iptv.catvod.com/catvod?id=CCTV11&line=6, From: subscribe, IPv_Type: ipv4, Location: 美国-加利福尼亚州-洛杉矶, ISP: IT7网络, Date: None, Delay: 209 ms, Speed: 5.23 M/s, Resolution: 1920x1080
Name: CCTV-11, URL: https://iptv.catvod.com/catvod?id=CCTV11&line=3, From: subscribe, IPv_Type: ipv4, Location: 美国-加利福尼亚州-洛杉矶, ISP: IT7网络, Date: None, Delay: 225 ms, Speed: 5.20 M/s, Resolution: 1920x1080
Name: CCTV-11, URL: https://iptv.catvod.com/catvod?id=CCTV11&line=5, From: subscribe, IPv_Type: ipv4, Location: 美国-加利福尼亚州-洛杉矶, ISP: IT7网络, Date: None, Delay: 224 ms, Speed: 5.06 M/s, Resolution: 1920x1080
Name: CCTV-12, URL: https://iptv.catvod.com/catvod?id=CCTV12&line=2, From: subscribe, IPv_Type: ipv4, Location: 美国-加利福尼亚州-洛杉矶, ISP: IT7网络, Date: None, Delay: 108 ms, Speed: 9.80 M/s, Resolution: 1920x1080
Name: CCTV-12, URL: https://iptv.catvod.com/catvod?id=CCTV12&line=3, From: subscribe, IPv_Type: ipv4, Location: 美国-加利福尼亚州-洛杉矶, ISP: IT7网络, Date: None, Delay: 187 ms, Speed: 6.49 M/s, Resolution: 1920x1080
Name: CCTV-12, URL: https://iptv.catvod.com/catvod?id=CCTV12&line=4, From: subscribe, IPv_Type: ipv4, Location: 美国-加利福尼亚州-洛杉矶, ISP: IT7网络, Date: None, Delay: 153 ms, Speed: 6.07 M/s, Resolution: 1920x1080
Name: CCTV-12, URL: https://iptv.catvod.com/catvod?id=CCTV12&line=6, From: subscribe, IPv_Type: ipv4, Location: 美国-加利福尼亚州-洛杉矶, ISP: IT7网络, Date: None, Delay: 176 ms, Speed: 5.93 M/s, Resolution: 1920x1080
Name: CCTV-12, URL: https://iptv.catvod.com/catvod?id=CCTV12&line=8, From: subscribe, IPv_Type: ipv4, Location: 美国-加利福尼亚州-洛杉矶, ISP: IT7网络, Date: None, Delay: 178 ms, Speed: 5.59 M/s, Resolution: 1920x1080
Name: CCTV-12, URL: https://iptv.catvod.com/catvod?id=CCTV12&line=5, From: subscribe, IPv_Type: ipv4, Location: 美国-加利福尼亚州-洛杉矶, ISP: IT7网络, Date: None, Delay: 191 ms, Speed: 5.25 M/s, Resolution: 1920x1080
Name: CCTV-12, URL: https://iptv.catvod.com/catvod?id=CCTV12&line=1, From: subscribe, IPv_Type: ipv4, Location: 美国-加利福尼亚州-洛杉矶, ISP: IT7网络, Date: None, Delay: 199 ms, Speed: 5.15 M/s, Resolution: 1920x1080
Name: CCTV-12, URL: https://iptv.catvod.com/catvod?id=CCTV12&line=7, From: subscribe, IPv_Type: ipv4, Location: 美国-加利福尼亚州-洛杉矶, ISP: IT7网络, Date: None, Delay: 189 ms, Speed: 5.05 M/s, Resolution: 1920x1080
Name: CCTV-13, URL: https://iptv.catvod.com/catvod?id=CCTV13&line=2, From: subscribe, IPv_Type: ipv4, Location: 美国-加利福尼亚州-洛杉矶, ISP: IT7网络, Date: None, Delay: 104 ms, Speed: 10.11 M/s, Resolution: 1920x1080
Name: CCTV-13, URL: https://iptv.catvod.com/catvod?id=CCTV13&line=9, From: subscribe, IPv_Type: ipv4, Location: 美国-加利福尼亚州-洛杉矶, ISP: IT7网络, Date: None, Delay: 118 ms, Speed: 9.49 M/s, Resolution: 1920x1080
Name: CCTV-13, URL: https://iptv.catvod.com/catvod?id=CCTV13&line=10, From: subscribe, IPv_Type: ipv4, Location: 美国-加利福尼亚州-洛杉矶, ISP: IT7网络, Date: None, Delay: 115 ms, Speed: 8.56 M/s, Resolution: 1920x1080
Name: CCTV-13, URL: https://iptv.catvod.com/catvod?id=CCTV13&line=11, From: subscribe, IPv_Type: ipv4, Location: 美国-加利福尼亚州-洛杉矶, ISP: IT7网络, Date: None, Delay: 140 ms, Speed: 8.07 M/s, Resolution: 1920x1080
Name: CCTV-13, URL: https://iptv.catvod.com/catvod?id=CCTV13&line=12, From: subscribe, IPv_Type: ipv4, Location: 美国-加利福尼亚州-洛杉矶, ISP: IT7网络, Date: None, Delay: 133 ms, Speed: 7.57 M/s, Resolution: 1920x1080
Name: CCTV-13, URL: https://iptv.catvod.com/catvod?id=CCTV13&line=5, From: subscribe, IPv_Type: ipv4, Location: 美国-加利福尼亚州-洛杉矶, ISP: IT7网络, Date: None, Delay: 159 ms, Speed: 6.22 M/s, Resolution: 1920x1080
Name: CCTV-13, URL: https://iptv.catvod.com/catvod?id=CCTV13&line=3, From: subscribe, IPv_Type: ipv4, Location: 美国-加利福尼亚州-洛杉矶, ISP: IT7网络, Date: None, Delay: 167 ms, Speed: 5.99 M/s, Resolution: 1920x1080
Name: CCTV-13, URL: https://iptv.catvod.com/catvod?id=CCTV13&line=8, From: subscribe, IPv_Type: ipv4, Location: 美国-加利福尼亚州-洛杉矶, ISP: IT7网络, Date: None, Delay: 166 ms, Speed: 5.89 M/s, Resolution: 1920x1080
Name: CCTV-13, URL: https://iptv.catvod.com/catvod?id=CCTV13&line=7, From: subscribe, IPv_Type: ipv4, Location: 美国-加利福尼亚州-洛杉矶, ISP: IT7网络, Date: None, Delay: 165 ms, Speed: 5.85 M/s, Resolution: 1920x1080
Name: CCTV-13, URL: https://iptv.catvod.com/catvod?id=CCTV13&line=4, From: subscribe, IPv_Type: ipv4, Location: 美国-加利福尼亚州-洛杉矶, ISP: IT7网络, Date: None, Delay: 193 ms, Speed: 5.50 M/s, Resolution: 1920x1080
Name: CCTV-13, URL: https://iptv.catvod.com/catvod?id=CCTV13&line=6, From: subscribe, IPv_Type: ipv4, Location: 美国-加利福尼亚州-洛杉矶, ISP: IT7网络, Date: None, Delay: 215 ms, Speed: 5.37 M/s, Resolution: 1920x1080
Name: CCTV-13, URL: https://event.pull.hebtv.com/jishi/cp1.m3u8, From: subscribe, IPv_Type: ipv6, Location: 中国, ISP: 中国电信, Date: None, Delay: 2942 ms, Speed: 1.00 M/s, Resolution: 1920x1080
Name: CCTV-14, URL: https://iptv.catvod.com/catvod?id=CCTV14&line=9, From: subscribe, IPv_Type: ipv4, Location: 美国-加利福尼亚州-洛杉矶, ISP: IT7网络, Date: None, Delay: 96 ms, Speed: 9.96 M/s, Resolution: 1920x1080
Name: CCTV-14, URL: https://iptv.catvod.com/catvod?id=CCTV14&line=3, From: subscribe, IPv_Type: ipv4, Location: 美国-加利福尼亚州-洛杉矶, ISP: IT7网络, Date: None, Delay: 95 ms, Speed: 9.79 M/s, Resolution: 1920x1080
Name: CCTV-14, URL: https://iptv.catvod.com/catvod?id=CCTV14&line=4, From: subscribe, IPv_Type: ipv4, Location: 美国-加利福尼亚州-洛杉矶, ISP: IT7网络, Date: None, Delay: 158 ms, Speed: 7.63 M/s, Resolution: 1920x1080
Name: CCTV-14, URL: https://iptv.catvod.com/catvod?id=CCTV14&line=5, From: subscribe, IPv_Type: ipv4, Location: 美国-加利福尼亚州-洛杉矶, ISP: IT7网络, Date: None, Delay: 164 ms, Speed: 7.28 M/s, Resolution: 1920x1080
Name: CCTV-14, URL: https://iptv.catvod.com/catvod?id=CCTV14&line=1, From: subscribe, IPv_Type: ipv4, Location: 美国-加利福尼亚州-洛杉矶, ISP: IT7网络, Date: None, Delay: 156 ms, Speed: 6.96 M/s, Resolution: 1920x1080
Name: CCTV-14, URL: https://iptv.catvod.com/catvod?id=CCTV14&line=2, From: subscribe, IPv_Type: ipv4, Location: 美国-加利福尼亚州-洛杉矶, ISP: IT7网络, Date: None, Delay: 145 ms, Speed: 6.87 M/s, Resolution: 1920x1080
Name: CCTV-14, URL: https://iptv.catvod.com/catvod?id=CCTV14&line=8, From: subscribe, IPv_Type: ipv4, Location: 美国-加利福尼亚州-洛杉矶, ISP: IT7网络, Date: None, Delay: 143 ms, Speed: 6.87 M/s, Resolution: 1920x1080
Name: CCTV-14, URL: https://iptv.catvod.com/catvod?id=CCTV14&line=6, From: subscribe, IPv_Type: ipv4, Location: 美国-加利福尼亚州-洛杉矶, ISP: IT7网络, Date: None, Delay: 150 ms, Speed: 6.65 M/s, Resolution: 1920x1080
Name: CCTV-14, URL: https://iptv.catvod.com/catvod?id=CCTV14&line=7, From: subscribe, IPv_Type: ipv4, Location: 美国-加利福尼亚州-洛杉矶, ISP: IT7网络, Date: None, Delay: 188 ms, Speed: 6.36 M/s, Resolution: 1920x1080
Name: CCTV-14, URL: https://event.pull.hebtv.com/jishi/cp2.m3u8, From: subscribe, IPv_Type: ipv6, Location: 中国, ISP: 中国电信, Date: None, Delay: 2994 ms, Speed: 0.92 M/s, Resolution: 1920x1080
Name: CCTV-15, URL: https://iptv.catvod.com/catvod?id=CCTV15%E9%9F%B3%E4%B9%90&line=1, From: subscribe, IPv_Type: ipv4, Location: 美国-加利福尼亚州-洛杉矶, ISP: IT7网络, Date: None, Delay: 156 ms, Speed: 7.55 M/s, Resolution: 1920x1080
Name: CCTV-16, URL: https://iptv.catvod.com/catvod?id=CCTV16&line=1, From: subscribe, IPv_Type: ipv4, Location: 美国-加利福尼亚州-洛杉矶, ISP: IT7网络, Date: None, Delay: 131 ms, Speed: 8.35 M/s, Resolution: 1920x1080
Name: CCTV-16, URL: https://iptv.catvod.com/catvod?id=CCTV16&line=2, From: subscribe, IPv_Type: ipv4, Location: 美国-加利福尼亚州-洛杉矶, ISP: IT7网络, Date: None, Delay: 154 ms, Speed: 7.80 M/s, Resolution: 1920x1080
Name: CCTV-17, URL: https://iptv.catvod.com/catvod?id=CCTV17&line=4, From: subscribe, IPv_Type: ipv4, Location: 美国-加利福尼亚州-洛杉矶, ISP: IT7网络, Date: None, Delay: 112 ms, Speed: 9.12 M/s, Resolution: 1920x1080
Name: CCTV-17, URL: https://iptv.catvod.com/catvod?id=CCTV17&line=6, From: subscribe, IPv_Type: ipv4, Location: 美国-加利福尼亚州-洛杉矶, ISP: IT7网络, Date: None, Delay: 127 ms, Speed: 8.69 M/s, Resolution: 1920x1080
Name: CCTV-17, URL: https://iptv.catvod.com/catvod?id=CCTV17&line=5, From: subscribe, IPv_Type: ipv4, Location: 美国-加利福尼亚州-洛杉矶, ISP: IT7网络, Date: None, Delay: 126 ms, Speed: 8.25 M/s, Resolution: 1920x1080
Name: CCTV-17, URL: https://iptv.catvod.com/catvod?id=CCTV17&line=7, From: subscribe, IPv_Type: ipv4, Location: 美国-加利福尼亚州-洛杉矶, ISP: IT7网络, Date: None, Delay: 159 ms, Speed: 7.72 M/s, Resolution: 1920x1080
Name: CCTV-17, URL: https://iptv.catvod.com/catvod?id=CCTV17&line=3, From: subscribe, IPv_Type: ipv4, Location: 美国-加利福尼亚州-洛杉矶, ISP: IT7网络, Date: None, Delay: 146 ms, Speed: 7.01 M/s, Resolution: 1920x1080
Name: CETV-1, URL: https://iptv.catvod.com/catvod?id=CETV1&line=5, From: subscribe, IPv_Type: ipv4, Location: 美国-加利福尼亚州-洛杉矶, ISP: IT7网络, Date: None, Delay: 123 ms, Speed: 9.35 M/s, Resolution: 1920x1080
Name: CETV-1, URL: https://iptv.catvod.com/catvod?id=CETV1&line=3, From: subscribe, IPv_Type: ipv4, Location: 美国-加利福尼亚州-洛杉矶, ISP: IT7网络, Date: None, Delay: 129 ms, Speed: 8.71 M/s, Resolution: 1920x1080
Name: CETV-1, URL: https://iptv.catvod.com/catvod?id=CETV1&line=4, From: subscribe, IPv_Type: ipv4, Location: 美国-加利福尼亚州-洛杉矶, ISP: IT7网络, Date: None, Delay: 130 ms, Speed: 8.02 M/s, Resolution: 1920x1080
Name: CETV-1, URL: https://iptv.catvod.com/catvod?id=CETV1&line=1, From: subscribe, IPv_Type: ipv4, Location: 美国-加利福尼亚州-洛杉矶, ISP: IT7网络, Date: None, Delay: 152 ms, Speed: 7.05 M/s, Resolution: 1920x1080
Name: CETV-1, URL: https://iptv.catvod.com/catvod?id=CETV1&line=2, From: subscribe, IPv_Type: ipv4, Location: 美国-加利福尼亚州-洛杉矶, ISP: IT7网络, Date: None, Delay: 149 ms, Speed: 6.65 M/s, Resolution: 1920x1080
Name: CETV-2, URL: https://iptv.catvod.com/catvod?id=CETV2&line=5, From: subscribe, IPv_Type: ipv4, Location: 美国-加利福尼亚州-洛杉矶, ISP: IT7网络, Date: None, Delay: 106 ms, Speed: 10.01 M/s, Resolution: 1920x1080
Name: CETV-3, URL: http://107.150.60.122/live/cetv3.m3u8, From: subscribe, IPv_Type: ipv4, Location: 美国-密苏里州-杰克逊县, ISP: NOCIX数据中心, Date: None, Delay: 358 ms, Speed: 2.21 M/s, Resolution: 720x576
Name: CETV-3, URL: http://183.220.107.138:4022/rtp/239.11.0.247:5140, From: subscribe, IPv_Type: ipv4, Location: 中国-四川-成都, ISP: 移动, Date: None, Delay: 468 ms, Speed: 0.00 M/s, Resolution: 720x576
Name: 文化精品, URL: http://107.150.60.122/live/ysjp.m3u8, From: subscribe, IPv_Type: ipv4, Location: 美国-密苏里州-杰克逊县, ISP: NOCIX数据中心, Date: None, Delay: 388 ms, Speed: 2.14 M/s, Resolution: 1920x1080
Name: 文化精品, URL: http://38.75.136.137:98/gslb/dsdqpub/ysjp.m3u8?auth=testpub, From: subscribe, IPv_Type: ipv4, Location: 美国-伊利诺伊州-库克, ISP: Cogent, Date: None, Delay: 332 ms, Speed: 1.43 M/s, Resolution: 1920x1080
Name: 央视台球, URL: http://38.75.136.137:98/gslb/dsdqpub/ystq.m3u8?auth=testpub, From: subscribe, IPv_Type: ipv4, Location: 美国-伊利诺伊州-库克, ISP: Cogent, Date: None, Delay: 369 ms, Speed: 2.35 M/s, Resolution: 1920x1080
Name: 风云音乐, URL: http://38.75.136.137:98/gslb/dsdqpub/fyyy.m3u8?auth=testpub, From: subscribe, IPv_Type: ipv4, Location: 美国-伊利诺伊州-库克, ISP: Cogent, Date: None, Delay: 416 ms, Speed: 2.17 M/s, Resolution: 1920x1080
Name: 第一剧场, URL: http://38.75.136.137:98/gslb/dsdqpub/dyjc.m3u8?auth=testpub, From: subscribe, IPv_Type: ipv4, Location: 美国-伊利诺伊州-库克, ISP: Cogent, Date: None, Delay: 340 ms, Speed: 1.46 M/s, Resolution: 1920x1080
Name: 第一剧场, URL: https://epg.pw/stream/6d7bf281e3d739806a73f5373acaa6e01988ec9739f5ac1355ce54b47a928472.m3u8, From: subscribe, IPv_Type: ipv6, Location: 美国, ISP: CloudFlare Inc., Date: None, Delay: 927 ms, Speed: 0.72 M/s, Resolution: 1280x720
Name: 女性时尚, URL: http://38.75.136.137:98/gslb/dsdqpub/nxss.m3u8?auth=testpub, From: subscribe, IPv_Type: ipv4, Location: 美国-伊利诺伊州-库克, ISP: Cogent, Date: None, Delay: 328 ms, Speed: 1.43 M/s, Resolution: 1920x1080
Name: 高尔夫网球, URL: http://183.220.107.138:4022/rtp/239.10.0.224:5140, From: subscribe, IPv_Type: ipv4, Location: 中国-四川-成都, ISP: 移动, Date: None, Delay: 480 ms, Speed: 0.00 M/s, Resolution: 1920x1080
Name: 电视指南, URL: http://38.75.136.137:98/gslb/dsdqpub/dszn.m3u8?auth=testpub, From: subscribe, IPv_Type: ipv4, Location: 美国-伊利诺伊州-库克, ISP: Cogent, Date: None, Delay: 412 ms, Speed: 2.22 M/s, Resolution: 1920x1080
Name: 世界地理, URL: http://38.75.136.137:98/gslb/dsdqpub/sjdl.m3u8?auth=testpub, From: subscribe, IPv_Type: ipv4, Location: 美国-伊利诺伊州-库克, ISP: Cogent, Date: None, Delay: 578 ms, Speed: 6.61 M/s, Resolution: 1920x1080
Name: 兵器科技, URL: http://38.75.136.137:98/gslb/dsdqpub/gfjs.m3u8?auth=testpub, From: subscribe, IPv_Type: ipv4, Location: 美国-伊利诺伊州-库克, ISP: Cogent, Date: None, Delay: 330 ms, Speed: 1.36 M/s, Resolution: 1920x1080
Name: 湖南卫视, URL: https://iptv.catvod.com/catvod?id=%E6%B9%96%E5%8D%97%E5%8D%AB%E8%A7%86&line=2, From: subscribe, IPv_Type: ipv4, Location: 美国-加利福尼亚州-洛杉矶, ISP: IT7网络, Date: None, Delay: 97 ms, Speed: 9.69 M/s, Resolution: 1920x1080
Name: 湖南卫视, URL: https://iptv.catvod.com/catvod?id=%E6%B9%96%E5%8D%97%E5%8D%AB%E8%A7%86&line=4, From: subscribe, IPv_Type: ipv4, Location: 美国-加利福尼亚州-洛杉矶, ISP: IT7网络, Date: None, Delay: 105 ms, Speed: 9.69 M/s, Resolution: 1920x1080
Name: 湖南卫视, URL: https://iptv.catvod.com/catvod?id=%E6%B9%96%E5%8D%97%E5%8D%AB%E8%A7%86&line=1, From: subscribe, IPv_Type: ipv4, Location: 美国-加利福尼亚州-洛杉矶, ISP: IT7网络, Date: None, Delay: 124 ms, Speed: 9.68 M/s, Resolution: 1920x1080
Name: 湖南卫视, URL: https://iptv.catvod.com/catvod?id=%E6%B9%96%E5%8D%97%E5%8D%AB%E8%A7%86&line=3, From: subscribe, IPv_Type: ipv4, Location: 美国-加利福尼亚州-洛杉矶, ISP: IT7网络, Date: None, Delay: 109 ms, Speed: 9.40 M/s, Resolution: 1920x1080
Name: 北京卫视, URL: https://iptv.catvod.com/catvod?id=%E5%8C%97%E4%BA%AC%E5%8D%AB%E8%A7%86&line=7, From: subscribe, IPv_Type: ipv4, Location: 美国-加利福尼亚州-洛杉矶, ISP: IT7网络, Date: None, Delay: 124 ms, Speed: 9.80 M/s, Resolution: 1920x1080
Name: 北京卫视, URL: http://satellitepull.cnr.cn/live/wxbtv/playlist.m3u8, From: subscribe, IPv_Type: ipv4, Location: 美国-德克萨斯州-达拉斯, ISP: 网宿科技CDN节点, Date: None, Delay: 18 ms, Speed: 5.13 M/s, Resolution: None
Name: 东方卫视, URL: http://bp-resource-dfl.bestv.cn/148/3/video.m3u8, From: subscribe, IPv_Type: ipv4, Location: 美国-加利福尼亚州-洛杉矶, ISP: Level3, Date: None, Delay: 329 ms, Speed: 11.16 M/s, Resolution: 1920x1080
Name: 宁夏卫视, URL: http://198.204.228.26/live/nxws.m3u8, From: subscribe, IPv_Type: ipv4, Location: 美国, ISP: , Date: None, Delay: 560 ms, Speed: 8.08 M/s, Resolution: 1920x1080
Name: 四川卫视, URL: https://iptv.catvod.com/catvod?id=%E5%9B%9B%E5%B7%9D%E5%8D%AB%E8%A7%86&line=1, From: subscribe, IPv_Type: ipv4, Location: 美国-加利福尼亚州-洛杉矶, ISP: IT7网络, Date: None, Delay: 94 ms, Speed: 10.62 M/s, Resolution: 1920x1080
Name: 四川卫视, URL: https://iptv.catvod.com/catvod?id=%E5%9B%9B%E5%B7%9D%E5%8D%AB%E8%A7%86&line=2, From: subscribe, IPv_Type: ipv4, Location: 美国-加利福尼亚州-洛杉矶, ISP: IT7网络, Date: None, Delay: 103 ms, Speed: 9.97 M/s, Resolution: 1920x1080
Name: 四川卫视, URL: https://iptv.catvod.com/catvod?id=%E5%9B%9B%E5%B7%9D%E5%8D%AB%E8%A7%86&line=3, From: subscribe, IPv_Type: ipv4, Location: 美国-加利福尼亚州-洛杉矶, ISP: IT7网络, Date: None, Delay: 116 ms, Speed: 8.88 M/s, Resolution: 1920x1080
Name: 少儿动画, URL: http://124.116.183.146:9901/tsfile/live/0137_1.m3u8, From: subscribe, IPv_Type: ipv4, Location: 中国-陕西-咸阳, ISP: 电信, Date: None, Delay: 5391 ms, Speed: 0.46 M/s, Resolution: 720x576
Name: 少儿动画, URL: http://218.15.183.23:9901/tsfile/live/23045_1.m3u8, From: subscribe, IPv_Type: ipv4, Location: 中国-广东-梅州, ISP: 电信, Date: None, Delay: 10996 ms, Speed: 0.10 M/s, Resolution: 1920x1080
Name: 少儿动画, URL: rtsp://118.212.169.207:554/PLTV/88888888/224/3221227318/10000100000000060000000001945936_0.smil, From: subscribe, IPv_Type: ipv4, Location: 中国-江西, ISP: 联通, Date: None, Delay: 10006 ms, Speed: 0.00 M/s, Resolution: None
Name: 少儿动画, URL: rtsp://115.153.245.70/PLTV/88888888/224/3221227006/86440922.smil, From: subscribe, IPv_Type: ipv4, Location: 中国-江西-宜春, ISP: 电信, Date: None, Delay: 10005 ms, Speed: 0.00 M/s, Resolution: None
Name: 少儿动画, URL: rtsp://115.153.254.81/PLTV/88888888/224/3221227006/86440922.smil, From: subscribe, IPv_Type: ipv4, Location: 中国-江西-宜春, ISP: 电信, Date: None, Delay: 10005 ms, Speed: 0.00 M/s, Resolution: None
Name: 少儿动画, URL: rtsp://115.153.240.228:554/PLTV/88888888/224/3221227006/86440922.smil, From: subscribe, IPv_Type: ipv4, Location: 中国-江西-宜春, ISP: 电信, Date: None, Delay: 10004 ms, Speed: 0.00 M/s, Resolution: None
Name: 少儿动画, URL: rtsp://115.153.212.72/PLTV/88888888/224/3221227006/86440922.smil, From: subscribe, IPv_Type: ipv4, Location: 中国-江西-宜春, ISP: 电信, Date: None, Delay: 10004 ms, Speed: 0.00 M/s, Resolution: None
Name: 少儿动画, URL: rtsp://115.153.247.80/PLTV/88888888/224/3221227006/86440922.smil, From: subscribe, IPv_Type: ipv4, Location: 中国-江西-宜春, ISP: 电信, Date: None, Delay: 10005 ms, Speed: 0.00 M/s, Resolution: None
Name: 少儿动画, URL: rtsp://115.153.230.145/PLTV/88888888/224/3221227006/86440922.smil, From: subscribe, IPv_Type: ipv4, Location: 中国-江西-宜春, ISP: 电信, Date: None, Delay: 10004 ms, Speed: 0.00 M/s, Resolution: None
Name: 少儿动画, URL: rtsp://115.153.222.112:554/PLTV/88888888/224/3221227006/86440922.smil, From: subscribe, IPv_Type: ipv4, Location: 中国-江西-宜春, ISP: 电信, Date: None, Delay: 10004 ms, Speed: 0.00 M/s, Resolution: None
Name: 少儿动画, URL: rtsp://115.153.233.154/PLTV/88888888/224/3221227006/86440922.smil, From: subscribe, IPv_Type: ipv4, Location: 中国-江西-宜春, ISP: 电信, Date: None, Delay: 10006 ms, Speed: 0.00 M/s, Resolution: None
Name: 卡酷动画, URL: http://218.13.170.98:9901/tsfile/live/1021_1.m3u8, From: subscribe, IPv_Type: ipv4, Location: 中国-广东-佛山, ISP: 电信, Date: None, Delay: 10263 ms, Speed: 0.12 M/s, Resolution: 720x576
Name: 卡酷动画, URL: http://58.57.40.22:9901/tsfile/live/1060_1.m3u8, From: subscribe, IPv_Type: ipv4, Location: 中国-山东-临沂, ISP: 电信, Date: None, Delay: 10219 ms, Speed: 0.00 M/s, Resolution: None
Name: 新动漫, URL: https://iptv.catvod.com/live.php?id=%E6%96%B0%E5%8A%A8%E6%BC%AB&line=1, From: subscribe, IPv_Type: ipv4, Location: 美国-加利福尼亚州-洛杉矶, ISP: IT7网络, Date: None, Delay: 70 ms, Speed: 14.38 M/s, Resolution: 1920x1080
Name: 新动漫, URL: https://iptv.catvod.com/live.php?id=%E6%96%B0%E5%8A%A8%E6%BC%AB, From: subscribe, IPv_Type: ipv4, Location: 美国-加利福尼亚州-洛杉矶, ISP: IT7网络, Date: None, Delay: 75 ms, Speed: 14.19 M/s, Resolution: 1920x1080
Name: 黑莓动画, URL: http://111.43.126.240:9003/hls/100/index.m3u8, From: subscribe, IPv_Type: ipv4, Location: 中国-黑龙江, ISP: 移动, Date: None, Delay: 229 ms, Speed: 0.00 M/s, Resolution: 1920x1080
Name: 炫动卡通, URL: http://120.198.95.220:9901/tsfile/live/1034_1.m3u8?key=txiptv, From: subscribe, IPv_Type: ipv4, Location: 中国-广东-湛江, ISP: 移动, Date: None, Delay: 8398 ms, Speed: 0.66 M/s, Resolution: 720x576
Name: 炫动卡通, URL: http://183.237.95.108:9901/tsfile/live/1100_1.m3u8?key=txiptv&playlive=0&authid=0, From: subscribe, IPv_Type: ipv4, Location: 中国-广东-梅州, ISP: 移动, Date: None, Delay: 5243 ms, Speed: 0.36 M/s, Resolution: 720x576
Name: 炫动卡通, URL: http://218.15.183.23:9901/tsfile/live/23042_1.m3u8, From: subscribe, IPv_Type: ipv4, Location: 中国-广东-梅州, ISP: 电信, Date: None, Delay: 10253 ms, Speed: 0.06 M/s, Resolution: 720x576
Name: 炫动卡通, URL: rtsp://118.212.169.207:554/PLTV/88888888/224/3221226968/10000100000000060000000000568712_0.smil, From: subscribe, IPv_Type: ipv4, Location: 中国-江西, ISP: 联通, Date: None, Delay: 10006 ms, Speed: 0.00 M/s, Resolution: None
Name: 炫动卡通, URL: rtsp://115.153.245.70/PLTV/88888888/224/3221225583/iptv7982.smil, From: subscribe, IPv_Type: ipv4, Location: 中国-江西-宜春, ISP: 电信, Date: None, Delay: 10006 ms, Speed: 0.00 M/s, Resolution: None
Name: 炫动卡通, URL: rtsp://115.153.254.81/PLTV/88888888/224/3221225583/iptv7982.smil, From: subscribe, IPv_Type: ipv4, Location: 中国-江西-宜春, ISP: 电信, Date: None, Delay: 10006 ms, Speed: 0.00 M/s, Resolution: None
Name: 炫动卡通, URL: rtsp://115.153.240.228:554/PLTV/88888888/224/3221225583/iptv7982.smil, From: subscribe, IPv_Type: ipv4, Location: 中国-江西-宜春, ISP: 电信, Date: None, Delay: 10006 ms, Speed: 0.00 M/s, Resolution: None
Name: 炫动卡通, URL: rtsp://115.153.212.72/PLTV/88888888/224/3221225583/iptv7982.smil, From: subscribe, IPv_Type: ipv4, Location: 中国-江西-宜春, ISP: 电信, Date: None, Delay: 10004 ms, Speed: 0.00 M/s, Resolution: None
Name: 炫动卡通, URL: rtsp://115.153.247.80/PLTV/88888888/224/3221225583/iptv7982.smil, From: subscribe, IPv_Type: ipv4, Location: 中国-江西-宜春, ISP: 电信, Date: None, Delay: 10007 ms, Speed: 0.00 M/s, Resolution: None
Name: 炫动卡通, URL: rtsp://115.153.230.145/PLTV/88888888/224/3221225583/iptv7982.smil, From: subscribe, IPv_Type: ipv4, Location: 中国-江西-宜春, ISP: 电信, Date: None, Delay: 10004 ms, Speed: 0.00 M/s, Resolution: None
Name: 炫动卡通, URL: rtsp://115.153.222.112:554/PLTV/88888888/224/3221225583/iptv7982.smil, From: subscribe, IPv_Type: ipv4, Location: 中国-江西-宜春, ISP: 电信, Date: None, Delay: 10005 ms, Speed: 0.00 M/s, Resolution: None
Name: 炫动卡通, URL: rtsp://115.153.233.154/PLTV/88888888/224/3221225583/iptv7982.smil, From: subscribe, IPv_Type: ipv4, Location: 中国-江西-宜春, ISP: 电信, Date: None, Delay: 10005 ms, Speed: 0.00 M/s, Resolution: None
Name: 炫动卡通, URL: http://111.43.126.240:9003/hls/72/index.m3u8, From: subscribe, IPv_Type: ipv4, Location: 中国-黑龙江, ISP: 移动, Date: None, Delay: 227 ms, Speed: 0.00 M/s, Resolution: 720x576
Name: 河北少儿科教, URL: http://php.fjl626.cn/hebei.php?id=sekj, From: subscribe, IPv_Type: ipv4, Location: 中国-香港, ISP: Cloudie_Limited, Date: None, Delay: 396 ms, Speed: 0.02 M/s, Resolution: None
Name: 火影忍者, URL: https://hd.ijycnd.com/play/Yer3NWLa/index.m3u8, From: subscribe, IPv_Type: ipv4, Location: 中国-湖南-长沙, ISP: 湖南有线电视网络(集团)股份有限公司广东联通节点, Date: None, Delay: 1107 ms, Speed: 1.67 M/s, Resolution: 1920x1032
Name: 海绵宝宝, URL: https://live.metshop.top/douyu/3949681, From: subscribe, IPv_Type: ipv6, Location: 美国, ISP: CloudFlare Inc., Date: None, Delay: 978 ms, Speed: 0.53 M/s, Resolution: 1920x1080
Name: 中华小当家, URL: http://cdn.jdshipin.com:8880/huya.php?id=11342413, From: subscribe, IPv_Type: ipv6, Location: 美国, ISP: CloudFlare Inc., Date: None, Delay: 537 ms, Speed: 0.23 M/s, Resolution: 640x432
Name: 中华小当家, URL: http://61.221.215.25:8800/hls/40/index.m3u8, From: subscribe, IPv_Type: ipv4, Location: 中国-台湾, ISP: 中华电信, Date: None, Delay: 496 ms, Speed: 0.00 M/s, Resolution: None
Name: 经典动漫, URL: https://www.goodiptv.club/yy/22777075, From: subscribe, IPv_Type: ipv6, Location: 美国, ISP: CloudFlare Inc., Date: None, Delay: 1129 ms, Speed: 0.16 M/s, Resolution: 1920x1080
Name: 漫画解说, URL: https://www.goodiptv.club/douyu/5907076, From: subscribe, IPv_Type: ipv6, Location: 美国, ISP: CloudFlare Inc., Date: None, Delay: 1820 ms, Speed: 0.21 M/s, Resolution: 1920x1080
